<?xml version="1.0" encoding="UTF-8"?>
<coverage generated="1569317279168" clover="3.2.0">
  <project timestamp="1569317279169" name="All files">
    <metrics statements="38" coveredstatements="38" conditionals="10" coveredconditionals="10" methods="14" coveredmethods="14" elements="62" coveredelements="62" complexity="0" loc="38" ncloc="38" packages="1" files="3" classes="3"/>
    <file name="bank.js" path="/Users/student/Projects/Banking/lib/bank.js">
      <metrics statements="21" coveredstatements="21" conditionals="8" coveredconditionals="8" methods="9" coveredmethods="9"/>
      <line num="1" count="2" type="stmt"/>
      <line num="2" count="2" type="stmt"/>
      <line num="6" count="12" type="stmt"/>
      <line num="7" count="12" type="stmt"/>
      <line num="8" count="12" type="stmt"/>
      <line num="9" count="12" type="stmt"/>
      <line num="13" count="16" type="stmt"/>
      <line num="17" count="6" type="stmt"/>
      <line num="21" count="11" type="cond" truecount="2" falsecount="0"/>
      <line num="23" count="10" type="stmt"/>
      <line num="24" count="10" type="stmt"/>
      <line num="28" count="5" type="cond" truecount="2" falsecount="0"/>
      <line num="29" count="4" type="cond" truecount="2" falsecount="0"/>
      <line num="31" count="3" type="stmt"/>
      <line num="32" count="3" type="stmt"/>
      <line num="36" count="3" type="stmt"/>
      <line num="40" count="13" type="stmt"/>
      <line num="46" count="13" type="stmt"/>
      <line num="50" count="16" type="stmt"/>
      <line num="54" count="4" type="stmt"/>
      <line num="58" count="2" type="stmt"/>
    </file>
    <file name="day.js" path="/Users/student/Projects/Banking/lib/day.js">
      <metrics statements="6" coveredstatements="6" conditionals="0" coveredconditionals="0" methods="1" coveredmethods="1"/>
      <line num="3" count="5" type="stmt"/>
      <line num="4" count="5" type="stmt"/>
      <line num="5" count="5" type="stmt"/>
      <line num="6" count="5" type="stmt"/>
      <line num="7" count="5" type="stmt"/>
      <line num="11" count="3" type="stmt"/>
    </file>
    <file name="statement.js" path="/Users/student/Projects/Banking/lib/statement.js">
      <metrics statements="11" coveredstatements="11" conditionals="2" coveredconditionals="2" methods="4" coveredmethods="4"/>
      <line num="3" count="3" type="stmt"/>
      <line num="4" count="3" type="stmt"/>
      <line num="6" count="3" type="stmt"/>
      <line num="7" count="5" type="stmt"/>
      <line num="8" count="5" type="stmt"/>
      <line num="11" count="3" type="stmt"/>
      <line num="15" count="5" type="stmt"/>
      <line num="19" count="15" type="cond" truecount="2" falsecount="0"/>
      <line num="20" count="5" type="stmt"/>
      <line num="22" count="10" type="stmt"/>
      <line num="27" count="3" type="stmt"/>
    </file>
  </project>
</coverage>
