<?xml version="1.0" encoding="UTF-8"?>
<coverage generated="1569243265758" clover="3.2.0">
  <project timestamp="1569243265758" name="All files">
    <metrics statements="10" coveredstatements="10" conditionals="6" coveredconditionals="6" methods="6" coveredmethods="6" elements="22" coveredelements="22" complexity="0" loc="10" ncloc="10" packages="1" files="1" classes="1"/>
    <file name="bank.js" path="/Users/student/Projects/Banking/lib/bank.js">
      <metrics statements="10" coveredstatements="10" conditionals="6" coveredconditionals="6" methods="6" coveredmethods="6"/>
      <line num="3" count="6" type="stmt"/>
      <line num="7" count="3" type="stmt"/>
      <line num="11" count="4" type="cond" truecount="2" falsecount="0"/>
      <line num="13" count="3" type="stmt"/>
      <line num="17" count="3" type="cond" truecount="2" falsecount="0"/>
      <line num="18" count="2" type="cond" truecount="2" falsecount="0"/>
      <line num="20" count="1" type="stmt"/>
      <line num="24" count="7" type="stmt"/>
      <line num="28" count="2" type="stmt"/>
      <line num="32" count="1" type="stmt"/>
    </file>
  </project>
</coverage>
