{"/Users/student/Projects/Banking/lib/bank.js": {"path":"/Users/student/Projects/Banking/lib/bank.js","statementMap":{"0":{"start":{"line":3,"column":4},"end":{"line":3,"column":21}},"1":{"start":{"line":7,"column":4},"end":{"line":7,"column":24}},"2":{"start":{"line":11,"column":4},"end":{"line":11,"column":98}},"3":{"start":{"line":11,"column":36},"end":{"line":11,"column":98}},"4":{"start":{"line":13,"column":4},"end":{"line":13,"column":26}},"5":{"start":{"line":17,"column":4},"end":{"line":17,"column":101}},"6":{"start":{"line":17,"column":36},"end":{"line":17,"column":101}},"7":{"start":{"line":18,"column":4},"end":{"line":18,"column":92}},"8":{"start":{"line":18,"column":43},"end":{"line":18,"column":92}},"9":{"start":{"line":20,"column":4},"end":{"line":20,"column":26}},"10":{"start":{"line":24,"column":4},"end":{"line":24,"column":21}},"11":{"start":{"line":28,"column":4},"end":{"line":28,"column":36}},"12":{"start":{"line":32,"column":0},"end":{"line":32,"column":21}}},"fnMap":{"0":{"name":"(anonymous_0)","decl":{"start":{"line":2,"column":2},"end":{"line":2,"column":3}},"loc":{"start":{"line":2,"column":17},"end":{"line":4,"column":3}},"line":2},"1":{"name":"(anonymous_1)","decl":{"start":{"line":6,"column":2},"end":{"line":6,"column":3}},"loc":{"start":{"line":6,"column":17},"end":{"line":8,"column":3}},"line":6},"2":{"name":"(anonymous_2)","decl":{"start":{"line":10,"column":2},"end":{"line":10,"column":3}},"loc":{"start":{"line":10,"column":18},"end":{"line":14,"column":3}},"line":10},"3":{"name":"(anonymous_3)","decl":{"start":{"line":16,"column":2},"end":{"line":16,"column":3}},"loc":{"start":{"line":16,"column":19},"end":{"line":21,"column":3}},"line":16},"4":{"name":"(anonymous_4)","decl":{"start":{"line":23,"column":2},"end":{"line":23,"column":3}},"loc":{"start":{"line":23,"column":25},"end":{"line":25,"column":3}},"line":23},"5":{"name":"(anonymous_5)","decl":{"start":{"line":27,"column":2},"end":{"line":27,"column":3}},"loc":{"start":{"line":27,"column":32},"end":{"line":29,"column":3}},"line":27}},"branchMap":{"0":{"loc":{"start":{"line":11,"column":4},"end":{"line":11,"column":98}},"type":"if","locations":[{"start":{"line":11,"column":4},"end":{"line":11,"column":98}},{"start":{"line":11,"column":4},"end":{"line":11,"column":98}}],"line":11},"1":{"loc":{"start":{"line":17,"column":4},"end":{"line":17,"column":101}},"type":"if","locations":[{"start":{"line":17,"column":4},"end":{"line":17,"column":101}},{"start":{"line":17,"column":4},"end":{"line":17,"column":101}}],"line":17},"2":{"loc":{"start":{"line":18,"column":4},"end":{"line":18,"column":92}},"type":"if","locations":[{"start":{"line":18,"column":4},"end":{"line":18,"column":92}},{"start":{"line":18,"column":4},"end":{"line":18,"column":92}}],"line":18}},"s":{"0":6,"1":3,"2":4,"3":1,"4":3,"5":3,"6":1,"7":2,"8":1,"9":1,"10":7,"11":2,"12":1},"f":{"0":6,"1":3,"2":4,"3":3,"4":7,"5":2},"b":{"0":[1,3],"1":[1,2],"2":[1,1]},"_coverageSchema":"43e27e138ebf9cfc5966b082cf9a028302ed4184","hash":"caa7069d59590d2ec29a1f3b0d68833fca9ec31f"}
}
