TN:
SF:/Users/student/Projects/Banking/lib/bank.js
FN:2,(anonymous_0)
FN:6,(anonymous_1)
FN:10,(anonymous_2)
FN:16,(anonymous_3)
FN:23,(anonymous_4)
FN:27,(anonymous_5)
FNF:6
FNH:6
FNDA:6,(anonymous_0)
FNDA:3,(anonymous_1)
FNDA:4,(anonymous_2)
FNDA:3,(anonymous_3)
FNDA:7,(anonymous_4)
FNDA:2,(anonymous_5)
DA:3,6
DA:7,3
DA:11,4
DA:13,3
DA:17,3
DA:18,2
DA:20,1
DA:24,7
DA:28,2
DA:32,1
LF:10
LH:10
BRDA:11,0,0,1
BRDA:11,0,1,3
BRDA:17,1,0,1
BRDA:17,1,1,2
BRDA:18,2,0,1
BRDA:18,2,1,1
BRF:6
BRH:6
end_of_record
