TN:
SF:/Users/student/Projects/Banking/lib/atm.js
FN:5,(anonymous_0)
FN:10,(anonymous_1)
FN:14,(anonymous_2)
FN:18,(anonymous_3)
FNF:4
FNH:4
FNDA:4,(anonymous_0)
FNDA:1,(anonymous_1)
FNDA:3,(anonymous_2)
FNDA:2,(anonymous_3)
DA:1,2
DA:2,2
DA:6,4
DA:7,4
DA:11,1
DA:15,3
DA:19,2
DA:23,2
LF:8
LH:8
BRDA:5,0,0,4
BRDA:5,1,0,4
BRF:2
BRH:2
end_of_record
TN:
SF:/Users/student/Projects/Banking/lib/bank.js
FN:2,(anonymous_0)
FN:7,(anonymous_1)
FN:11,(anonymous_2)
FN:15,(anonymous_3)
FN:22,(anonymous_4)
FN:30,(anonymous_5)
FN:40,(anonymous_6)
FN:44,(anonymous_7)
FN:48,(anonymous_8)
FNF:9
FNH:9
FNDA:13,(anonymous_0)
FNDA:3,(anonymous_1)
FNDA:3,(anonymous_2)
FNDA:11,(anonymous_3)
FNDA:5,(anonymous_4)
FNDA:13,(anonymous_5)
FNDA:16,(anonymous_6)
FNDA:4,(anonymous_7)
FNDA:13,(anonymous_8)
DA:3,13
DA:4,13
DA:8,3
DA:12,3
DA:16,11
DA:18,10
DA:19,10
DA:23,5
DA:24,4
DA:26,3
DA:27,3
DA:31,13
DA:37,13
DA:41,16
DA:45,4
DA:49,13
DA:50,13
DA:51,13
DA:52,13
DA:53,13
DA:57,3
LF:21
LH:21
BRDA:16,0,0,1
BRDA:16,0,1,10
BRDA:23,1,0,1
BRDA:23,1,1,4
BRDA:24,2,0,1
BRDA:24,2,1,3
BRF:6
BRH:6
end_of_record
TN:
SF:/Users/student/Projects/Banking/lib/statement.js
FN:2,(anonymous_0)
FN:6,(anonymous_1)
FN:14,(anonymous_2)
FN:18,(anonymous_3)
FNF:4
FNH:4
FNDA:3,(anonymous_0)
FNDA:5,(anonymous_1)
FNDA:5,(anonymous_2)
FNDA:15,(anonymous_3)
DA:3,3
DA:4,3
DA:6,3
DA:7,5
DA:8,5
DA:11,3
DA:15,5
DA:19,15
DA:20,5
DA:22,10
DA:27,3
LF:11
LH:11
BRDA:19,0,0,5
BRDA:19,0,1,10
BRF:2
BRH:2
end_of_record
